[0.732s] DEBUG:colcon:Command line arguments: ['/usr/bin/colcon', 'build', '--packages-select', 'articubot_one']
[0.733s] DEBUG:colcon:Parsed command line arguments: Namespace(log_base=None, log_level=None, verb_name='build', build_base='build', install_base='install', merge_install=False, symlink_install=False, test_result_base=None, continue_on_error=False, executor='parallel', parallel_workers=4, event_handlers=None, ignore_user_meta=False, metas=['./colcon.meta'], base_paths=['.'], packages_ignore=None, packages_ignore_regex=None, paths=None, packages_up_to=None, packages_up_to_regex=None, packages_above=None, packages_above_and_dependencies=None, packages_above_depth=None, packages_select_by_dep=None, packages_skip_by_dep=None, packages_skip_up_to=None, packages_select_build_failed=False, packages_skip_build_finished=False, packages_select_test_failures=False, packages_skip_test_passed=False, packages_select=['articubot_one'], packages_skip=None, packages_select_regex=None, packages_skip_regex=None, packages_start=None, packages_end=None, allow_overriding=[], cmake_args=None, cmake_target=None, cmake_target_skip_unavailable=False, cmake_clean_cache=False, cmake_clean_first=False, cmake_force_configure=False, ament_cmake_args=None, catkin_cmake_args=None, catkin_skip_building_tests=False, mixin_files=None, mixin=None, verb_parser=<colcon_mixin.mixin.mixin_argument.MixinArgumentDecorator object at 0xffff852ba080>, verb_extension=<colcon_core.verb.build.BuildVerb object at 0xffff8547b010>, main=<bound method BuildVerb.main of <colcon_core.verb.build.BuildVerb object at 0xffff8547b010>>, mixin_verb=('build',))
[2.599s] Level 1:colcon.colcon_core.package_discovery:discover_packages(colcon_meta) check parameters
[2.600s] Level 1:colcon.colcon_core.package_discovery:discover_packages(recursive) check parameters
[2.600s] Level 1:colcon.colcon_core.package_discovery:discover_packages(ignore) check parameters
[2.601s] Level 1:colcon.colcon_core.package_discovery:discover_packages(path) check parameters
[2.601s] Level 1:colcon.colcon_core.package_discovery:discover_packages(colcon_meta) discover
[2.601s] Level 1:colcon.colcon_core.package_discovery:discover_packages(recursive) discover
[2.602s] INFO:colcon.colcon_core.package_discovery:Crawling recursively for packages in '/home/cs3/Documents/ros2_ws/src/articubot_one/launch'
[2.603s] Level 1:colcon.colcon_core.package_identification:_identify(.) by extensions ['ignore', 'ignore_ament_install']
[2.603s] Level 1:colcon.colcon_core.package_identification:_identify(.) by extension 'ignore'
[2.604s] Level 1:colcon.colcon_core.package_identification:_identify(.) by extension 'ignore_ament_install'
[2.604s] Level 1:colcon.colcon_core.package_identification:_identify(.) by extensions ['colcon_pkg']
[2.604s] Level 1:colcon.colcon_core.package_identification:_identify(.) by extension 'colcon_pkg'
[2.604s] Level 1:colcon.colcon_core.package_identification:_identify(.) by extensions ['colcon_meta']
[2.605s] Level 1:colcon.colcon_core.package_identification:_identify(.) by extension 'colcon_meta'
[2.605s] Level 1:colcon.colcon_core.package_identification:_identify(.) by extensions ['ros']
[2.605s] Level 1:colcon.colcon_core.package_identification:_identify(.) by extension 'ros'
[2.676s] Level 1:colcon.colcon_core.package_identification:_identify(.) by extensions ['cmake', 'python']
[2.677s] Level 1:colcon.colcon_core.package_identification:_identify(.) by extension 'cmake'
[2.677s] Level 1:colcon.colcon_core.package_identification:_identify(.) by extension 'python'
[2.677s] Level 1:colcon.colcon_core.package_identification:_identify(.) by extensions ['python_setup_py']
[2.677s] Level 1:colcon.colcon_core.package_identification:_identify(.) by extension 'python_setup_py'
[2.678s] Level 1:colcon.colcon_core.package_identification:_identify(build) by extensions ['ignore', 'ignore_ament_install']
[2.678s] Level 1:colcon.colcon_core.package_identification:_identify(build) by extension 'ignore'
[2.679s] Level 1:colcon.colcon_core.package_identification:_identify(build) ignored
[2.679s] Level 1:colcon.colcon_core.package_identification:_identify(install) by extensions ['ignore', 'ignore_ament_install']
[2.680s] Level 1:colcon.colcon_core.package_identification:_identify(install) by extension 'ignore'
[2.680s] Level 1:colcon.colcon_core.package_identification:_identify(install) ignored
[2.680s] Level 1:colcon.colcon_core.package_identification:_identify(log) by extensions ['ignore', 'ignore_ament_install']
[2.681s] Level 1:colcon.colcon_core.package_identification:_identify(log) by extension 'ignore'
[2.681s] Level 1:colcon.colcon_core.package_identification:_identify(log) ignored
[2.681s] Level 1:colcon.colcon_core.package_discovery:discover_packages(recursive) using defaults
[2.681s] Level 1:colcon.colcon_core.package_discovery:discover_packages(ignore) discover
[2.681s] Level 1:colcon.colcon_core.package_discovery:discover_packages(ignore) using defaults
[2.682s] Level 1:colcon.colcon_core.package_discovery:discover_packages(path) discover
[2.682s] Level 1:colcon.colcon_core.package_discovery:discover_packages(path) using defaults
[2.683s] WARNING:colcon.colcon_core.package_selection:ignoring unknown package 'articubot_one' in --packages-select
[2.851s] Level 1:colcon.colcon_core.package_discovery:discover_packages(prefix_path) check parameters
[2.851s] Level 1:colcon.colcon_core.package_discovery:discover_packages(prefix_path) discover
[2.873s] DEBUG:colcon.colcon_installed_package_information.package_discovery:Found 2 installed packages in /home/cs3/amr_ws/install
[2.888s] DEBUG:colcon.colcon_installed_package_information.package_discovery:Found 390 installed packages in /opt/ros/humble
[2.898s] Level 1:colcon.colcon_core.package_discovery:discover_packages(prefix_path) using defaults
[3.143s] INFO:colcon.colcon_core.executor:Executing jobs using 'parallel' executor
[3.147s] DEBUG:colcon.colcon_parallel_executor.executor.parallel:run_until_complete
[3.148s] DEBUG:colcon.colcon_parallel_executor.executor.parallel:closing loop
[3.148s] DEBUG:colcon.colcon_parallel_executor.executor.parallel:loop closed
[3.148s] DEBUG:colcon.colcon_parallel_executor.executor.parallel:run_until_complete finished with '0'
[3.148s] DEBUG:colcon.colcon_core.event_reactor:joining thread
[3.175s] INFO:colcon.colcon_core.plugin_system:Skipping extension 'colcon_notification.desktop_notification.terminal_notifier': Not used on non-Darwin systems
[3.176s] INFO:colcon.colcon_core.plugin_system:Skipping extension 'colcon_notification.desktop_notification.win32': Not used on non-Windows systems
[3.176s] INFO:colcon.colcon_notification.desktop_notification:Sending desktop notification using 'notify2'
[3.339s] DEBUG:colcon.colcon_core.event_reactor:joined thread
[3.395s] INFO:colcon.colcon_core.plugin_system:Skipping extension 'colcon_core.shell.bat': Not used on non-Windows systems
[3.397s] INFO:colcon.colcon_core.shell:Creating prefix script '/home/cs3/Documents/ros2_ws/src/articubot_one/launch/install/local_setup.ps1'
[3.405s] INFO:colcon.colcon_core.shell:Creating prefix util module '/home/cs3/Documents/ros2_ws/src/articubot_one/launch/install/_local_setup_util_ps1.py'
[3.415s] INFO:colcon.colcon_core.shell:Creating prefix chain script '/home/cs3/Documents/ros2_ws/src/articubot_one/launch/install/setup.ps1'
[3.423s] INFO:colcon.colcon_core.shell:Creating prefix script '/home/cs3/Documents/ros2_ws/src/articubot_one/launch/install/local_setup.sh'
[3.428s] INFO:colcon.colcon_core.shell:Creating prefix util module '/home/cs3/Documents/ros2_ws/src/articubot_one/launch/install/_local_setup_util_sh.py'
[3.432s] INFO:colcon.colcon_core.shell:Creating prefix chain script '/home/cs3/Documents/ros2_ws/src/articubot_one/launch/install/setup.sh'
[3.440s] INFO:colcon.colcon_core.shell:Creating prefix script '/home/cs3/Documents/ros2_ws/src/articubot_one/launch/install/local_setup.bash'
[3.446s] INFO:colcon.colcon_core.shell:Creating prefix chain script '/home/cs3/Documents/ros2_ws/src/articubot_one/launch/install/setup.bash'
[3.455s] INFO:colcon.colcon_core.shell:Creating prefix script '/home/cs3/Documents/ros2_ws/src/articubot_one/launch/install/local_setup.zsh'
[3.460s] INFO:colcon.colcon_core.shell:Creating prefix chain script '/home/cs3/Documents/ros2_ws/src/articubot_one/launch/install/setup.zsh'
